<?xml version="1.0" encoding="UTF-8"?>
<!-- Generated by org.testng.reporters.JUnitReportReporter -->
<testsuite skipped="0" hostname="acer" name="Academy.HomePage" tests="2" failures="0" timestamp="15 Aug 2020 12:39:57 GMT" time="54.894" errors="0">
  <testcase name="basePageNavigation" time="49.780" classname="Academy.HomePage"/>
  <testcase name="basePageNavigation" time="5.114" classname="Academy.HomePage"/>
</testsuite> <!-- Academy.HomePage -->
