<?xml version="1.0" encoding="UTF-8"?>
<!-- Generated by org.testng.reporters.JUnitReportReporter -->
<testsuite skipped="1" hostname="acer" name="cucumberOptions.TestRunner" tests="1" failures="0" timestamp="15 Aug 2020 12:36:03 GMT" time="0.000" errors="0">
  <testcase name="feature" time="0.000" classname="cucumberOptions.TestRunner">
    <skipped/>
  </testcase> <!-- feature -->
</testsuite> <!-- cucumberOptions.TestRunner -->
