<?xml version="1.0" encoding="UTF-8"?>
<!-- Generated by org.testng.reporters.JUnitReportReporter -->
<testsuite skipped="0" hostname="acer" name="Academy.validateNavigationBar" tests="1" failures="0" timestamp="15 Aug 2020 12:39:57 GMT" time="3.610" errors="0">
  <testcase name="validateAppNavBar" time="3.610" classname="Academy.validateNavigationBar"/>
</testsuite> <!-- Academy.validateNavigationBar -->
