<?xml version="1.0" encoding="UTF-8"?>
<!-- Generated by org.testng.reporters.JUnitReportReporter -->
<testsuite skipped="0" hostname="acer" name="Academy.validateTitle" tests="1" failures="0" timestamp="15 Aug 2020 12:39:56 GMT" time="0.088" errors="0">
  <testcase name="validateAppTitle" time="0.088" classname="Academy.validateTitle"/>
</testsuite> <!-- Academy.validateTitle -->
